<?xml version="1.0" encoding="UTF-8"?>
<testsuite name="com.mysite.prac.PracApplicationTests" tests="1" skipped="0" failures="0" errors="0" timestamp="2023-06-27T06:48:33" hostname="DESKTOP-F4BC13L" time="0.085">
  <properties/>
  <testcase name="상품저장테스트" classname="com.mysite.prac.PracApplicationTests" time="0.085"/>
  <system-out><![CDATA[15:48:28.430 [Test worker] DEBUG org.springframework.test.context.BootstrapUtils - Instantiating CacheAwareContextLoaderDelegate from class [org.springframework.test.context.cache.DefaultCacheAwareContextLoaderDelegate]
15:48:28.440 [Test worker] DEBUG org.springframework.test.context.BootstrapUtils - Instantiating BootstrapContext using constructor [public org.springframework.test.context.support.DefaultBootstrapContext(java.lang.Class,org.springframework.test.context.CacheAwareContextLoaderDelegate)]
15:48:28.468 [Test worker] DEBUG org.springframework.test.context.BootstrapUtils - Instantiating TestContextBootstrapper for test class [com.mysite.prac.PracApplicationTests] from class [org.springframework.boot.test.context.SpringBootTestContextBootstrapper]
15:48:28.477 [Test worker] INFO org.springframework.boot.test.context.SpringBootTestContextBootstrapper - Neither @ContextConfiguration nor @ContextHierarchy found for test class [com.mysite.prac.PracApplicationTests], using SpringBootContextLoader
15:48:28.481 [Test worker] DEBUG org.springframework.test.context.support.AbstractContextLoader - Did not detect default resource location for test class [com.mysite.prac.PracApplicationTests]: class path resource [com/mysite/prac/PracApplicationTests-context.xml] does not exist
15:48:28.481 [Test worker] DEBUG org.springframework.test.context.support.AbstractContextLoader - Did not detect default resource location for test class [com.mysite.prac.PracApplicationTests]: class path resource [com/mysite/prac/PracApplicationTestsContext.groovy] does not exist
15:48:28.481 [Test worker] INFO org.springframework.test.context.support.AbstractContextLoader - Could not detect default resource locations for test class [com.mysite.prac.PracApplicationTests]: no resource found for suffixes {-context.xml, Context.groovy}.
15:48:28.482 [Test worker] INFO org.springframework.test.context.support.AnnotationConfigContextLoaderUtils - Could not detect default configuration classes for test class [com.mysite.prac.PracApplicationTests]: PracApplicationTests does not declare any static, non-private, non-final, nested classes annotated with @Configuration.
15:48:28.517 [Test worker] DEBUG org.springframework.test.context.support.ActiveProfilesUtils - Could not find an 'annotation declaring class' for annotation type [org.springframework.test.context.ActiveProfiles] and class [com.mysite.prac.PracApplicationTests]
15:48:28.574 [Test worker] DEBUG org.springframework.context.annotation.ClassPathScanningCandidateComponentProvider - Identified candidate component class: file [C:\Users\hi\Downloads\[안전폴더]Board-main\Board-main\Board\prac1\build\classes\java\main\com\mysite\prac\PracApplication.class]
15:48:28.580 [Test worker] INFO org.springframework.boot.test.context.SpringBootTestContextBootstrapper - Found @SpringBootConfiguration com.mysite.prac.PracApplication for test class com.mysite.prac.PracApplicationTests
15:48:28.670 [Test worker] DEBUG org.springframework.boot.test.context.SpringBootTestContextBootstrapper - @TestExecutionListeners is not present for class [com.mysite.prac.PracApplicationTests]: using defaults.
15:48:28.671 [Test worker] INFO org.springframework.boot.test.context.SpringBootTestContextBootstrapper - Loaded default TestExecutionListener class names from location [META-INF/spring.factories]: [org.springframework.boot.test.autoconfigure.restdocs.RestDocsTestExecutionListener, org.springframework.boot.test.autoconfigure.web.client.MockRestServiceServerResetTestExecutionListener, org.springframework.boot.test.autoconfigure.web.servlet.MockMvcPrintOnlyOnFailureTestExecutionListener, org.springframework.boot.test.autoconfigure.web.servlet.WebDriverTestExecutionListener, org.springframework.boot.test.autoconfigure.webservices.client.MockWebServiceServerTestExecutionListener, org.springframework.boot.test.mock.mockito.MockitoTestExecutionListener, org.springframework.boot.test.mock.mockito.ResetMocksTestExecutionListener, org.springframework.test.context.web.ServletTestExecutionListener, org.springframework.test.context.support.DirtiesContextBeforeModesTestExecutionListener, org.springframework.test.context.event.ApplicationEventsTestExecutionListener, org.springframework.test.context.support.DependencyInjectionTestExecutionListener, org.springframework.test.context.support.DirtiesContextTestExecutionListener, org.springframework.test.context.transaction.TransactionalTestExecutionListener, org.springframework.test.context.jdbc.SqlScriptsTestExecutionListener, org.springframework.test.context.event.EventPublishingTestExecutionListener]
15:48:28.685 [Test worker] INFO org.springframework.boot.test.context.SpringBootTestContextBootstrapper - Using TestExecutionListeners: [org.springframework.test.context.web.ServletTestExecutionListener@3d829787, org.springframework.test.context.support.DirtiesContextBeforeModesTestExecutionListener@71652c98, org.springframework.test.context.event.ApplicationEventsTestExecutionListener@51bde877, org.springframework.boot.test.mock.mockito.MockitoTestExecutionListener@60b85ba1, org.springframework.boot.test.autoconfigure.SpringBootDependencyInjectionTestExecutionListener@492fc69e, org.springframework.test.context.support.DirtiesContextTestExecutionListener@117632cf, org.springframework.test.context.transaction.TransactionalTestExecutionListener@2fb68ec6, org.springframework.test.context.jdbc.SqlScriptsTestExecutionListener@d71adc2, org.springframework.test.context.event.EventPublishingTestExecutionListener@3add81c4, org.springframework.boot.test.autoconfigure.restdocs.RestDocsTestExecutionListener@1a1d3c1a, org.springframework.boot.test.autoconfigure.web.client.MockRestServiceServerResetTestExecutionListener@1c65121, org.springframework.boot.test.autoconfigure.web.servlet.MockMvcPrintOnlyOnFailureTestExecutionListener@159e366, org.springframework.boot.test.autoconfigure.web.servlet.WebDriverTestExecutionListener@57dc9128, org.springframework.boot.test.autoconfigure.webservices.client.MockWebServiceServerTestExecutionListener@24528a25, org.springframework.boot.test.mock.mockito.ResetMocksTestExecutionListener@17ae98d7]
15:48:28.688 [Test worker] DEBUG org.springframework.test.context.support.AbstractDirtiesContextTestExecutionListener - Before test class: context [DefaultTestContext@5215cd9a testClass = PracApplicationTests, testInstance = [null], testMethod = [null], testException = [null], mergedContextConfiguration = [WebMergedContextConfiguration@36b6964d testClass = PracApplicationTests, locations = '{}', classes = '{class com.mysite.prac.PracApplication}', contextInitializerClasses = '[]', activeProfiles = '{}', propertySourceLocations = '{}', propertySourceProperties = '{org.springframework.boot.test.context.SpringBootTestContextBootstrapper=true}', contextCustomizers = set[org.springframework.boot.test.autoconfigure.actuate.metrics.MetricsExportContextCustomizerFactory$DisableMetricExportContextCustomizer@1080b026, org.springframework.boot.test.autoconfigure.properties.PropertyMappingContextCustomizer@0, org.springframework.boot.test.autoconfigure.web.servlet.WebDriverContextCustomizerFactory$Customizer@efde75f, org.springframework.boot.test.context.filter.ExcludeFilterContextCustomizer@3dddefd8, org.springframework.boot.test.json.DuplicateJsonObjectContextCustomizerFactory$DuplicateJsonObjectContextCustomizer@5316e95f, org.springframework.boot.test.mock.mockito.MockitoContextCustomizer@0, org.springframework.boot.test.web.client.TestRestTemplateContextCustomizer@1b065145, org.springframework.boot.test.context.SpringBootTestArgs@1, org.springframework.boot.test.context.SpringBootTestWebEnvironment@42b3b079], resourceBasePath = 'src/main/webapp', contextLoader = 'org.springframework.boot.test.context.SpringBootContextLoader', parent = [null]], attributes = map['org.springframework.test.context.web.ServletTestExecutionListener.activateListener' -> true]], class annotated with @DirtiesContext [false] with mode [null].

  .   ____          _            __ _ _
 /\\ / ___'_ __ _ _(_)_ __  __ _ \ \ \ \
( ( )\___ | '_ | '_| | '_ \/ _` | \ \ \ \
 \\/  ___)| |_)| | | | | || (_| |  ) ) ) )
  '  |____| .__|_| |_|_| |_\__, | / / / /
 =========|_|==============|___/=/_/_/_/
 :: Spring Boot ::               (v2.7.12)

2023-06-27 15:48:28.942  INFO 13248 --- [    Test worker] com.mysite.prac.PracApplicationTests     : Starting PracApplicationTests using Java 11.0.18 on DESKTOP-F4BC13L with PID 13248 (started by hi in C:\Users\hi\Downloads\[안전폴더]Board-main\Board-main\Board\prac1)
2023-06-27 15:48:28.943  INFO 13248 --- [    Test worker] com.mysite.prac.PracApplicationTests     : No active profile set, falling back to 1 default profile: "default"
2023-06-27 15:48:29.644  INFO 13248 --- [    Test worker] .s.d.r.c.RepositoryConfigurationDelegate : Bootstrapping Spring Data JPA repositories in DEFAULT mode.
2023-06-27 15:48:29.696  INFO 13248 --- [    Test worker] .s.d.r.c.RepositoryConfigurationDelegate : Finished Spring Data repository scanning in 45 ms. Found 4 JPA repository interfaces.
2023-06-27 15:48:30.214  INFO 13248 --- [    Test worker] o.hibernate.jpa.internal.util.LogHelper  : HHH000204: Processing PersistenceUnitInfo [name: default]
2023-06-27 15:48:30.275  INFO 13248 --- [    Test worker] org.hibernate.Version                    : HHH000412: Hibernate ORM core version 5.6.15.Final
2023-06-27 15:48:30.449  INFO 13248 --- [    Test worker] o.hibernate.annotations.common.Version   : HCANN000001: Hibernate Commons Annotations {5.1.2.Final}
2023-06-27 15:48:30.555  INFO 13248 --- [    Test worker] com.zaxxer.hikari.HikariDataSource       : HikariPool-1 - Starting...
2023-06-27 15:48:30.804  INFO 13248 --- [    Test worker] com.zaxxer.hikari.HikariDataSource       : HikariPool-1 - Start completed.
2023-06-27 15:48:30.821  INFO 13248 --- [    Test worker] org.hibernate.dialect.Dialect            : HHH000400: Using dialect: org.hibernate.dialect.H2Dialect
2023-06-27 15:48:31.232  INFO 13248 --- [    Test worker] org.hibernate.tuple.PojoInstantiator     : HHH000182: No default (no-argument) constructor for class: com.mysite.prac.shop.Item (class must be instantiated by Interceptor)
2023-06-27 15:48:31.548  INFO 13248 --- [    Test worker] o.h.e.t.j.p.i.JtaPlatformInitiator       : HHH000490: Using JtaPlatform implementation: [org.hibernate.engine.transaction.jta.platform.internal.NoJtaPlatform]
2023-06-27 15:48:31.557  INFO 13248 --- [    Test worker] j.LocalContainerEntityManagerFactoryBean : Initialized JPA EntityManagerFactory for persistence unit 'default'
2023-06-27 15:48:32.278  INFO 13248 --- [    Test worker] o.s.s.web.DefaultSecurityFilterChain     : Will secure any request with [org.springframework.security.web.session.DisableEncodeUrlFilter@1f2d0ca2, org.springframework.security.web.context.request.async.WebAsyncManagerIntegrationFilter@e353e1d, org.springframework.security.web.context.SecurityContextPersistenceFilter@e75bae7, org.springframework.security.web.header.HeaderWriterFilter@2eb0932c, org.springframework.security.web.csrf.CsrfFilter@134ec0f3, org.springframework.security.web.authentication.logout.LogoutFilter@54da736e, org.springframework.security.web.authentication.UsernamePasswordAuthenticationFilter@20dc763b, org.springframework.security.web.savedrequest.RequestCacheAwareFilter@4f2b1a2f, org.springframework.security.web.servletapi.SecurityContextHolderAwareRequestFilter@53202b06, org.springframework.security.web.authentication.AnonymousAuthenticationFilter@1a1c308b, org.springframework.security.web.session.SessionManagementFilter@d8a2b1b, org.springframework.security.web.access.ExceptionTranslationFilter@34a482d0, org.springframework.security.web.access.intercept.AuthorizationFilter@7dbe858f]
2023-06-27 15:48:32.494  WARN 13248 --- [    Test worker] JpaBaseConfiguration$JpaWebConfiguration : spring.jpa.open-in-view is enabled by default. Therefore, database queries may be performed during view rendering. Explicitly configure spring.jpa.open-in-view to disable this warning
2023-06-27 15:48:32.798  INFO 13248 --- [    Test worker] o.s.b.a.h2.H2ConsoleAutoConfiguration    : H2 console available at '/h2-console'. Database available at 'jdbc:h2:~/local3'
2023-06-27 15:48:33.343  INFO 13248 --- [    Test worker] com.mysite.prac.PracApplicationTests     : Started PracApplicationTests in 4.626 seconds (JVM running for 5.594)
]]></system-out>
  <system-err><![CDATA[]]></system-err>
</testsuite>
